"FreeRTOS Task Aware Debugger for GDB" version 11.2.0 (202001021529)
(c) 2016-2018 NXP Semiconductors, Inc.
==================================
20:32:11.609 INFO: [TadModel] DSF session ID 2 has started.
20:32:17.317 INFO: [TadState] TAD state changed:  DEBUG_STARTED -> DEBUG_INIT_0 (SUSPENDED, USER_REQUEST)
20:32:18.753 INFO: [TadState] TAD state changed:  DEBUG_INIT_0 -> DEBUG_INIT_1 (RESUMED, USER_REQUEST)
20:32:18.844 INFO: [TadState] TAD state changed:  DEBUG_INIT_1 -> DEBUG_SUSPENDED (SUSPENDED, BREAKPOINT)
20:32:31.531 INFO: [TadState] TAD state changed:  DEBUG_SUSPENDED -> DEBUG_RESUMED (RESUMED, USER_REQUEST)
20:35:09.470 INFO: [TadState] TAD state changed:  DEBUG_RESUMED -> READY (SUSPENDED, BREAKPOINT)
20:35:09.488 INFO: [Benchmark] Loading data for "Determine FreeRTOS version" has started.
20:35:10.447 INFO: [TadModel] Heap type (memory allocation scheme) has been identified from FreeRTOSDebugConfig structure as Heap #3. 
20:35:10.448 INFO: [TadModel] FreeRTOS version has been identified from FreeRTOSDebugConfig structure as 10.2.0.
20:35:10.449 INFO: [Benchmark] Loading data for "Determine FreeRTOS version" took 960 ms.
20:35:10.449 INFO: [Benchmark] Loading data for "Task List" has started.
20:35:15.409 INFO: [Benchmark] Loading data for "Task List" took 4960 ms.
20:35:27.131 INFO: [TadState] TAD state changed:  READY -> DEBUG_RESUMED (RESUMED, STEP)
20:35:27.632 INFO: [TadState] TAD state changed:  DEBUG_RESUMED -> READY (SUSPENDED, STEP)
20:35:27.633 INFO: [Benchmark] Loading data for "Task List" has started.
20:35:32.978 INFO: [Benchmark] Loading data for "Task List" took 5345 ms.
20:35:41.853 INFO: [TadState] TAD state changed:  READY -> DEBUG_RESUMED (RESUMED, STEP)
20:35:42.153 INFO: [TadState] TAD state changed:  DEBUG_RESUMED -> READY (SUSPENDED, STEP)
20:35:42.154 INFO: [Benchmark] Loading data for "Task List" has started.
20:35:47.305 INFO: [Benchmark] Loading data for "Task List" took 5150 ms.
20:36:39.579 INFO: [TadModel] DSF session ID 2 has ended.
