"FreeRTOS Task Aware Debugger for GDB" version 11.2.0 (202001021529)
(c) 2016-2018 NXP Semiconductors, Inc.
==================================
23:02:16.376 INFO: [TadModel] DSF session ID 19 has started.
23:02:19.975 INFO: [TadState] TAD state changed:  DEBUG_STARTED -> DEBUG_INIT_0 (SUSPENDED, USER_REQUEST)
23:02:21.254 INFO: [TadState] TAD state changed:  DEBUG_INIT_0 -> DEBUG_INIT_1 (RESUMED, USER_REQUEST)
23:02:21.403 INFO: [TadState] TAD state changed:  DEBUG_INIT_1 -> DEBUG_SUSPENDED (SUSPENDED, BREAKPOINT)
23:02:28.512 INFO: [TadState] TAD state changed:  DEBUG_SUSPENDED -> DEBUG_RESUMED (RESUMED, USER_REQUEST)
23:03:01.792 INFO: [TadState] TAD state changed:  DEBUG_RESUMED -> READY (SUSPENDED, BREAKPOINT)
23:03:02.326 INFO: [Benchmark] Loading data for "Determine FreeRTOS version" has started.
23:03:02.909 INFO: [TadModel] Heap type (memory allocation scheme) has been identified from FreeRTOSDebugConfig structure as Heap #3. 
23:03:02.909 INFO: [TadModel] FreeRTOS version has been identified from FreeRTOSDebugConfig structure as 10.2.0.
23:03:02.909 INFO: [Benchmark] Loading data for "Determine FreeRTOS version" took 583 ms.
23:03:02.909 INFO: [Benchmark] Loading data for "Task List" has started.
23:03:07.974 INFO: [Benchmark] Loading data for "Task List" took 5065 ms.
23:03:10.905 INFO: [TadState] TAD state changed:  READY -> DEBUG_RESUMED (RESUMED, USER_REQUEST)
23:03:21.53 INFO: [TadState] TAD state changed:  DEBUG_RESUMED -> READY (SUSPENDED, BREAKPOINT)
23:03:21.54 INFO: [Benchmark] Loading data for "Task List" has started.
23:03:26.13 INFO: [Benchmark] Loading data for "Task List" took 4959 ms.
23:03:44.563 INFO: [TadState] TAD state changed:  READY -> DEBUG_RESUMED (RESUMED, USER_REQUEST)
23:03:44.790 INFO: [TadState] TAD state changed:  DEBUG_RESUMED -> READY (SUSPENDED, BREAKPOINT)
23:03:44.790 INFO: [Benchmark] Loading data for "Task List" has started.
23:03:49.690 INFO: [Benchmark] Loading data for "Task List" took 4900 ms.
23:03:55.680 INFO: [TadState] TAD state changed:  READY -> DEBUG_RESUMED (RESUMED, USER_REQUEST)
23:03:55.953 INFO: [TadState] TAD state changed:  DEBUG_RESUMED -> READY (SUSPENDED, BREAKPOINT)
23:03:55.953 INFO: [Benchmark] Loading data for "Task List" has started.
23:04:00.890 INFO: [Benchmark] Loading data for "Task List" took 4937 ms.
23:04:05.855 INFO: [TadState] TAD state changed:  READY -> DEBUG_RESUMED (RESUMED, STEP)
23:04:06.467 INFO: [TadState] TAD state changed:  DEBUG_RESUMED -> READY (SUSPENDED, STEP)
23:04:06.469 INFO: [Benchmark] Loading data for "Task List" has started.
23:04:11.655 INFO: [Benchmark] Loading data for "Task List" took 5186 ms.
23:11:53.557 INFO: [TadModel] DSF session ID 19 has ended.
