"FreeRTOS Task Aware Debugger for GDB" version 11.2.0 (202001021529)
(c) 2016-2018 NXP Semiconductors, Inc.
==================================
15:50:04.858 INFO: [TadModel] DSF session ID 19 has started.
15:50:07.995 INFO: [TadState] TAD state changed:  DEBUG_STARTED -> DEBUG_INIT_0 (SUSPENDED, USER_REQUEST)
15:50:09.455 INFO: [TadState] TAD state changed:  DEBUG_INIT_0 -> DEBUG_INIT_1 (RESUMED, USER_REQUEST)
15:50:09.537 INFO: [TadState] TAD state changed:  DEBUG_INIT_1 -> DEBUG_SUSPENDED (SUSPENDED, BREAKPOINT)
15:50:50.681 INFO: [TadState] TAD state changed:  DEBUG_SUSPENDED -> DEBUG_RESUMED (RESUMED, USER_REQUEST)
15:58:17.96 INFO: [TadState] TAD state changed:  DEBUG_RESUMED -> READY (SUSPENDED, BREAKPOINT)
15:58:17.108 INFO: [Benchmark] Loading data for "Determine FreeRTOS version" has started.
15:58:17.165 INFO: [TadModel] Heap type (memory allocation scheme) has been identified from FreeRTOSDebugConfig structure as Heap #3. 
15:58:17.166 INFO: [TadModel] FreeRTOS version has been identified from FreeRTOSDebugConfig structure as 10.2.0.
15:58:17.166 INFO: [Benchmark] Loading data for "Determine FreeRTOS version" took 58 ms.
15:58:17.166 INFO: [Benchmark] Loading data for "Task List" has started.
15:58:18.168 ERROR: [QueueFactory] Queue registry size is zero! Each queue must be registered with vQueueAddToRegistry() and configQUEUE_REGISTRY_SIZE macro 
must be greater than zero (found in FreeRTOSConfig.h)
15:58:20.770 INFO: [Benchmark] Loading data for "Task List" took 3603 ms.
15:59:27.03 INFO: [TadState] TAD state changed:  READY -> DEBUG_RESUMED (RESUMED, STEP)
15:59:27.205 INFO: [TadState] TAD state changed:  DEBUG_RESUMED -> READY (SUSPENDED, STEP)
15:59:27.206 INFO: [Benchmark] Loading data for "Task List" has started.
15:59:28.406 INFO: [TadState] TAD state changed:  READY -> DEBUG_RESUMED (RESUMED, STEP)
15:59:29.407 ERROR: [TaskFactory] Cannot read information from "pxReadyTasksLists[2]".
15:59:30.408 ERROR: [TaskFactory] Cannot read information from "pxReadyTasksLists[3]".
15:59:31.410 ERROR: [TaskFactory] Cannot read information from "pxReadyTasksLists[4]".
15:59:32.412 ERROR: [TaskFactory] Cannot read information from "pxReadyTasksLists[5]".
15:59:33.413 ERROR: [TaskFactory] Cannot read information from "pxReadyTasksLists[6]".
15:59:34.415 ERROR: [TaskFactory] Cannot read information from "pxReadyTasksLists[7]".
15:59:35.416 ERROR: [TaskFactory] Cannot read information from "pxDelayedTaskList".
15:59:36.418 ERROR: [TaskFactory] Cannot read information from "pxOverflowDelayedTaskList".
15:59:37.419 ERROR: [TaskFactory] Cannot read information from "xSuspendedTaskList".
15:59:38.420 ERROR: [TaskFactory] Cannot read information from "xPendingReadyList".
15:59:38.420 INFO: [Benchmark] Loading data for "Task List" took 11215 ms.
15:59:38.421 INFO: [TadState] TAD state changed:  DEBUG_RESUMED -> READY (SUSPENDED, STEP)
15:59:38.421 INFO: [Benchmark] Loading data for "Task List" has started.
15:59:41.371 INFO: [Benchmark] Loading data for "Task List" took 2950 ms.
15:59:49.317 INFO: [TadState] TAD state changed:  READY -> DEBUG_RESUMED (RESUMED, STEP)
15:59:49.633 INFO: [TadState] TAD state changed:  DEBUG_RESUMED -> READY (SUSPENDED, STEP)
15:59:49.634 INFO: [Benchmark] Loading data for "Task List" has started.
15:59:52.211 INFO: [Benchmark] Loading data for "Task List" took 2578 ms.
16:00:10.996 INFO: [TadState] TAD state changed:  READY -> DEBUG_RESUMED (RESUMED, STEP)
16:00:11.306 INFO: [TadState] TAD state changed:  DEBUG_RESUMED -> READY (SUSPENDED, STEP)
16:00:11.307 INFO: [Benchmark] Loading data for "Task List" has started.
16:00:13.990 INFO: [Benchmark] Loading data for "Task List" took 2683 ms.
16:04:44.20 INFO: [TadModel] DSF session ID 19 has ended.
