"FreeRTOS Task Aware Debugger for GDB" version 11.2.0 (202001021529)
(c) 2016-2018 NXP Semiconductors, Inc.
==================================
12:19:40.162 INFO: [TadModel] DSF session ID 3 has started.
12:19:43.561 INFO: [TadState] TAD state changed:  DEBUG_STARTED -> DEBUG_INIT_0 (SUSPENDED, USER_REQUEST)
12:19:44.786 INFO: [TadState] TAD state changed:  DEBUG_INIT_0 -> DEBUG_INIT_1 (RESUMED, USER_REQUEST)
12:19:44.867 INFO: [TadState] TAD state changed:  DEBUG_INIT_1 -> DEBUG_SUSPENDED (SUSPENDED, BREAKPOINT)
12:24:56.217 INFO: [TadState] TAD state changed:  DEBUG_SUSPENDED -> DEBUG_RESUMED (RESUMED, USER_REQUEST)
12:30:02.30 INFO: [TadState] TAD state changed:  DEBUG_RESUMED -> READY (SUSPENDED, SIGNAL)
12:30:02.399 INFO: [Benchmark] Loading data for "Determine FreeRTOS version" has started.
12:30:04.363 ERROR: [VariableReader] Could not read variable expression: "sizeof(struct TaskControlBlock_t)".
12:30:04.408 ERROR: [VariableReader] Could not read variable expression: "&(((struct QueueDefinition *) 0)->pcTail)".
12:30:04.410 INFO: [TadModel] FreeRTOS version has been identified from available FreeRTOS symbols as 10.11.
12:30:04.410 INFO: [Benchmark] Loading data for "Determine FreeRTOS version" took 2011 ms.
12:30:04.410 INFO: [Benchmark] Loading data for "Task List" has started.
12:30:10.755 ERROR: [TaskFactory] Cannot read information from "pxOverflowDelayedTaskList".
12:30:10.875 ERROR: [VariableReader] Could not read variable expression: "pxOverflowDelayedTaskList.uxNumberOfItems".
12:30:10.909 ERROR: [VariableReader] Could not read variable expression: "xPendingReadyList.uxNumberOfItems".
12:30:10.909 ERROR: [TaskFactory] Cannot read information from "xPendingReadyList".
12:30:10.911 INFO: [Benchmark] Loading data for "Task List" took 6501 ms.
12:30:10.942 INFO: [TadModel] DSF session ID 3 has ended.
