"FreeRTOS Task Aware Debugger for GDB" version 11.2.0 (202001021529)
(c) 2016-2018 NXP Semiconductors, Inc.
==================================
23:14:27.139 INFO: [TadModel] DSF session ID 21 has started.
23:14:32.468 INFO: [TadState] TAD state changed:  DEBUG_STARTED -> DEBUG_INIT_0 (SUSPENDED, USER_REQUEST)
23:14:33.626 INFO: [TadState] TAD state changed:  DEBUG_INIT_0 -> DEBUG_INIT_1 (RESUMED, USER_REQUEST)
23:14:33.753 INFO: [TadState] TAD state changed:  DEBUG_INIT_1 -> DEBUG_SUSPENDED (SUSPENDED, BREAKPOINT)
23:14:48.340 INFO: [TadState] TAD state changed:  DEBUG_SUSPENDED -> DEBUG_RESUMED (RESUMED, USER_REQUEST)
23:15:40.150 INFO: [TadState] TAD state changed:  DEBUG_RESUMED -> READY (SUSPENDED, SIGNAL)
23:15:40.543 INFO: [Benchmark] Loading data for "Determine FreeRTOS version" has started.
23:15:41.202 INFO: [TadModel] Heap type (memory allocation scheme) has been identified from FreeRTOSDebugConfig structure as Heap #3. 
23:15:41.203 INFO: [TadModel] FreeRTOS version has been identified from FreeRTOSDebugConfig structure as 10.2.0.
23:15:41.203 INFO: [Benchmark] Loading data for "Determine FreeRTOS version" took 660 ms.
23:15:41.203 INFO: [Benchmark] Loading data for "Task List" has started.
23:15:45.956 INFO: [Benchmark] Loading data for "Task List" took 4753 ms.
23:15:50.858 INFO: [TadState] TAD state changed:  READY -> DEBUG_RESUMED (RESUMED, USER_REQUEST)
23:15:51.797 INFO: [TadState] TAD state changed:  DEBUG_RESUMED -> READY (SUSPENDED, SIGNAL)
23:15:51.798 INFO: [Benchmark] Loading data for "Task List" has started.
23:15:56.414 INFO: [Benchmark] Loading data for "Task List" took 4617 ms.
23:16:07.830 INFO: [TadModel] DSF session ID 21 has ended.
