"FreeRTOS Task Aware Debugger for GDB" version 11.2.0 (202001021529)
(c) 2016-2018 NXP Semiconductors, Inc.
==================================
14:44:45.741 INFO: [TadModel] DSF session ID 11 has started.
14:44:49.790 INFO: [TadState] TAD state changed:  DEBUG_STARTED -> DEBUG_INIT_0 (SUSPENDED, USER_REQUEST)
14:44:51.325 INFO: [TadState] TAD state changed:  DEBUG_INIT_0 -> DEBUG_INIT_1 (RESUMED, USER_REQUEST)
14:44:51.485 INFO: [TadState] TAD state changed:  DEBUG_INIT_1 -> DEBUG_SUSPENDED (SUSPENDED, BREAKPOINT)
14:44:58.63 INFO: [TadState] TAD state changed:  DEBUG_SUSPENDED -> DEBUG_RESUMED (RESUMED, USER_REQUEST)
14:45:38.349 INFO: [TadState] TAD state changed:  DEBUG_RESUMED -> READY (SUSPENDED, BREAKPOINT)
14:45:38.962 INFO: [Benchmark] Loading data for "Determine FreeRTOS version" has started.
14:45:39.772 INFO: [TadModel] Heap type (memory allocation scheme) has been identified from FreeRTOSDebugConfig structure as Heap #3. 
14:45:39.772 INFO: [TadModel] FreeRTOS version has been identified from FreeRTOSDebugConfig structure as 10.2.0.
14:45:39.773 INFO: [Benchmark] Loading data for "Determine FreeRTOS version" took 811 ms.
14:45:39.773 INFO: [Benchmark] Loading data for "Task List" has started.
14:45:45.783 INFO: [Benchmark] Loading data for "Task List" took 6009 ms.
14:45:49.730 INFO: [TadState] TAD state changed:  READY -> DEBUG_RESUMED (RESUMED, USER_REQUEST)
14:45:49.865 INFO: [TadState] TAD state changed:  DEBUG_RESUMED -> READY (SUSPENDED, BREAKPOINT)
14:45:49.865 INFO: [Benchmark] Loading data for "Task List" has started.
14:45:55.393 INFO: [Benchmark] Loading data for "Task List" took 5528 ms.
14:46:04.708 INFO: [TadState] TAD state changed:  READY -> DEBUG_RESUMED (RESUMED, USER_REQUEST)
14:46:04.878 INFO: [TadState] TAD state changed:  DEBUG_RESUMED -> READY (SUSPENDED, BREAKPOINT)
14:46:04.878 INFO: [Benchmark] Loading data for "Task List" has started.
14:46:10.496 INFO: [Benchmark] Loading data for "Task List" took 5618 ms.
15:14:07.217 INFO: [TadModel] DSF session ID 11 has ended.
