"FreeRTOS Task Aware Debugger for GDB" version 11.2.0 (202001021529)
(c) 2016-2018 NXP Semiconductors, Inc.
==================================
20:55:29.841 INFO: [TadModel] DSF session ID 0 has started.
20:55:35.934 INFO: [TadState] TAD state changed:  DEBUG_STARTED -> DEBUG_INIT_0 (SUSPENDED, USER_REQUEST)
20:55:38.920 INFO: [TadState] TAD state changed:  DEBUG_INIT_0 -> DEBUG_INIT_1 (RESUMED, USER_REQUEST)
20:55:39.243 INFO: [TadState] TAD state changed:  DEBUG_INIT_1 -> DEBUG_SUSPENDED (SUSPENDED, BREAKPOINT)
20:55:48.844 INFO: [TadState] TAD state changed:  DEBUG_SUSPENDED -> DEBUG_RESUMED (RESUMED, USER_REQUEST)
20:56:46.747 INFO: [TadState] TAD state changed:  DEBUG_RESUMED -> READY (SUSPENDED, BREAKPOINT)
20:56:47.436 INFO: [Benchmark] Loading data for "Determine FreeRTOS version" has started.
20:56:48.162 INFO: [TadModel] Heap type (memory allocation scheme) has been identified from FreeRTOSDebugConfig structure as Heap #3. 
20:56:48.163 INFO: [TadModel] FreeRTOS version has been identified from FreeRTOSDebugConfig structure as 10.2.0.
20:56:48.163 INFO: [Benchmark] Loading data for "Determine FreeRTOS version" took 728 ms.
20:56:48.164 INFO: [Benchmark] Loading data for "Task List" has started.
20:56:53.309 INFO: [Benchmark] Loading data for "Task List" took 5145 ms.
20:57:06.644 INFO: [TadState] TAD state changed:  READY -> DEBUG_RESUMED (RESUMED, USER_REQUEST)
21:00:42.600 INFO: [TadState] TAD state changed:  DEBUG_RESUMED -> READY (SUSPENDED, SIGNAL)
21:00:42.601 INFO: [Benchmark] Loading data for "Task List" has started.
21:00:43.602 ERROR: [TadFactory] Reading exception during: "readAddressOfVariableSafely(xQueueRegistry)"
21:00:43.699 ERROR: [VariableReader] Could not read variable expression: "&(xQueueRegistry)".
21:00:43.747 ERROR: [VariableReader] Could not read variable expression: "sizeof(pxReadyTasksLists)".
21:00:43.748 ERROR: [TaskFactory] Could not get size of "pxReadyTasksLists"!
21:00:43.748 ERROR: [TaskFactory] Cannot display tasks from ready task list!
21:00:43.863 ERROR: [VariableReader] Could not read variable expression: "pxCurrentTCB".
21:00:43.864 ERROR: [TadFactory] Reading exception during: "readLongVariableSafely(pxCurrentTCB)"
21:00:43.916 ERROR: [VariableReader] Could not read variable expression: "ulTotalRunTime".
21:00:43.917 ERROR: [TaskFactory] ulTotalRunTime not available
21:00:43.932 ERROR: [VariableReader] Could not read variable expression: "xPendingReadyList.uxNumberOfItems".
21:00:43.932 ERROR: [TaskFactory] Cannot read information from "xPendingReadyList".
21:00:43.961 ERROR: [VariableReader] Could not read variable expression: "pxDelayedTaskList.uxNumberOfItems".
21:00:43.962 ERROR: [TaskFactory] Cannot read information from "pxDelayedTaskList".
21:00:43.978 ERROR: [VariableReader] Could not read variable expression: "pxOverflowDelayedTaskList.uxNumberOfItems".
21:00:43.978 ERROR: [TaskFactory] Cannot read information from "pxOverflowDelayedTaskList".
21:00:44.36 ERROR: [VariableReader] Could not read variable expression: "xSuspendedTaskList.uxNumberOfItems".
21:00:44.40 ERROR: [TaskFactory] Cannot read information from "xSuspendedTaskList".
21:00:44.40 INFO: [Benchmark] Loading data for "Task List" took 1439 ms.
21:00:44.79 INFO: [TadModel] DSF session ID 0 has ended.
