"FreeRTOS Task Aware Debugger for GDB" version 11.2.0 (202001021529)
(c) 2016-2018 NXP Semiconductors, Inc.
==================================
17:27:08.978 INFO: [TadModel] DSF session ID 3 has started.
17:27:12.476 INFO: [TadState] TAD state changed:  DEBUG_STARTED -> DEBUG_INIT_0 (SUSPENDED, USER_REQUEST)
17:27:13.666 INFO: [TadState] TAD state changed:  DEBUG_INIT_0 -> DEBUG_INIT_1 (RESUMED, USER_REQUEST)
17:27:13.797 INFO: [TadState] TAD state changed:  DEBUG_INIT_1 -> DEBUG_SUSPENDED (SUSPENDED, BREAKPOINT)
17:27:22.180 INFO: [TadState] TAD state changed:  DEBUG_SUSPENDED -> DEBUG_RESUMED (RESUMED, USER_REQUEST)
17:29:09.120 INFO: [TadState] TAD state changed:  DEBUG_RESUMED -> READY (SUSPENDED, BREAKPOINT)
17:29:09.820 INFO: [Benchmark] Loading data for "Determine FreeRTOS version" has started.
17:29:11.43 ERROR: [VariableReader] Could not read variable expression: "sizeof(struct TaskControlBlock_t)".
17:29:11.284 ERROR: [VariableReader] Could not read variable expression: "&(((struct QueueDefinition *) 0)->pcTail)".
17:29:11.284 INFO: [TadModel] FreeRTOS version has been identified from available FreeRTOS symbols as 10.11.
17:29:11.285 INFO: [Benchmark] Loading data for "Determine FreeRTOS version" took 1465 ms.
17:29:11.285 INFO: [Benchmark] Loading data for "Task List" has started.
17:29:16.563 INFO: [Benchmark] Loading data for "Task List" took 5278 ms.
17:29:17.413 INFO: [TadState] TAD state changed:  READY -> DEBUG_RESUMED (RESUMED, USER_REQUEST)
17:33:49.19 INFO: [TadState] TAD state changed:  DEBUG_RESUMED -> READY (SUSPENDED, BREAKPOINT)
17:33:49.20 INFO: [Benchmark] Loading data for "Task List" has started.
17:33:54.676 INFO: [Benchmark] Loading data for "Task List" took 5656 ms.
17:36:42.162 INFO: [TadState] TAD state changed:  READY -> DEBUG_RESUMED (RESUMED, USER_REQUEST)
17:36:42.383 INFO: [TadState] TAD state changed:  DEBUG_RESUMED -> READY (SUSPENDED, BREAKPOINT)
17:36:42.383 INFO: [Benchmark] Loading data for "Task List" has started.
17:36:48.634 INFO: [Benchmark] Loading data for "Task List" took 6250 ms.
17:36:55.482 INFO: [TadState] TAD state changed:  READY -> DEBUG_RESUMED (RESUMED, USER_REQUEST)
17:36:55.693 INFO: [TadState] TAD state changed:  DEBUG_RESUMED -> READY (SUSPENDED, BREAKPOINT)
17:36:55.693 INFO: [Benchmark] Loading data for "Task List" has started.
17:37:00.384 INFO: [TadState] TAD state changed:  READY -> DEBUG_RESUMED (RESUMED, USER_REQUEST)
17:37:01.384 INFO: [FreeRTOS] FreeRTOS macro "configUSE_TRACE_FACILITY" is disabled.
17:37:02.386 ERROR: [TaskFactory] Cannot read information from "xSuspendedTaskList".
17:37:03.388 ERROR: [TaskFactory] Cannot read information from "pxDelayedTaskList".
17:37:04.391 ERROR: [TaskFactory] Cannot read information from "pxOverflowDelayedTaskList".
17:37:05.392 ERROR: [TaskFactory] Cannot read information from "xPendingReadyList".
17:37:05.392 INFO: [Benchmark] Loading data for "Task List" took 9699 ms.
17:37:05.392 INFO: [TadState] TAD state changed:  DEBUG_RESUMED -> READY (SUSPENDED, BREAKPOINT)
17:37:05.393 INFO: [Benchmark] Loading data for "Task List" has started.
17:37:11.383 INFO: [Benchmark] Loading data for "Task List" took 5991 ms.
17:37:43.799 INFO: [TadState] TAD state changed:  READY -> DEBUG_RESUMED (RESUMED, USER_REQUEST)
17:37:44.13 INFO: [TadState] TAD state changed:  DEBUG_RESUMED -> READY (SUSPENDED, BREAKPOINT)
17:37:44.14 INFO: [Benchmark] Loading data for "Task List" has started.
17:37:48.207 INFO: [TadState] TAD state changed:  READY -> DEBUG_RESUMED (RESUMED, USER_REQUEST)
17:37:49.208 ERROR: [TaskFactory] Cannot read information from "xSuspendedTaskList".
17:37:50.209 ERROR: [TaskFactory] Cannot read information from "pxDelayedTaskList".
17:37:51.211 ERROR: [TaskFactory] Cannot read information from "pxOverflowDelayedTaskList".
17:37:52.213 ERROR: [TaskFactory] Cannot read information from "xPendingReadyList".
17:37:52.213 INFO: [Benchmark] Loading data for "Task List" took 8200 ms.
17:37:52.214 INFO: [TadState] TAD state changed:  DEBUG_RESUMED -> READY (SUSPENDED, BREAKPOINT)
17:37:52.215 INFO: [Benchmark] Loading data for "Task List" has started.
17:37:56.259 INFO: [TadState] TAD state changed:  READY -> DEBUG_RESUMED (RESUMED, USER_REQUEST)
17:37:57.260 ERROR: [TaskFactory] Cannot read information from "xSuspendedTaskList".
17:37:58.261 ERROR: [TaskFactory] Cannot read information from "pxDelayedTaskList".
17:37:59.263 ERROR: [TaskFactory] Cannot read information from "pxOverflowDelayedTaskList".
17:38:00.265 ERROR: [TaskFactory] Cannot read information from "xPendingReadyList".
17:38:00.265 INFO: [Benchmark] Loading data for "Task List" took 8050 ms.
17:38:00.266 INFO: [TadState] TAD state changed:  DEBUG_RESUMED -> READY (SUSPENDED, BREAKPOINT)
17:38:00.268 INFO: [Benchmark] Loading data for "Task List" has started.
17:38:06.547 INFO: [Benchmark] Loading data for "Task List" took 6280 ms.
17:38:16.742 INFO: [TadState] TAD state changed:  READY -> DEBUG_RESUMED (RESUMED, USER_REQUEST)
17:38:16.938 INFO: [TadState] TAD state changed:  DEBUG_RESUMED -> READY (SUSPENDED, BREAKPOINT)
17:38:16.938 INFO: [Benchmark] Loading data for "Task List" has started.
17:38:23.285 INFO: [Benchmark] Loading data for "Task List" took 6347 ms.
17:38:36.743 INFO: [TadState] TAD state changed:  READY -> DEBUG_RESUMED (RESUMED, USER_REQUEST)
17:38:36.939 INFO: [TadState] TAD state changed:  DEBUG_RESUMED -> READY (SUSPENDED, BREAKPOINT)
17:38:36.939 INFO: [Benchmark] Loading data for "Task List" has started.
17:38:41.109 INFO: [TadState] TAD state changed:  READY -> DEBUG_RESUMED (RESUMED, USER_REQUEST)
17:38:42.110 ERROR: [TaskFactory] Cannot read information from "xSuspendedTaskList".
17:38:43.111 ERROR: [TaskFactory] Cannot read information from "pxDelayedTaskList".
17:38:44.112 ERROR: [TaskFactory] Cannot read information from "pxOverflowDelayedTaskList".
17:38:45.114 ERROR: [TaskFactory] Cannot read information from "xPendingReadyList".
17:38:45.115 INFO: [Benchmark] Loading data for "Task List" took 8175 ms.
17:38:45.115 INFO: [TadState] TAD state changed:  DEBUG_RESUMED -> READY (SUSPENDED, BREAKPOINT)
17:38:45.116 INFO: [Benchmark] Loading data for "Task List" has started.
17:38:46.553 INFO: [TadState] TAD state changed:  READY -> DEBUG_RESUMED (RESUMED, USER_REQUEST)
17:38:47.554 ERROR: [TadFactory] Reading exception during: "readLongAtAddressSafely(0x02004ae8, QueueDefinition.u.xQueue.pcTail)"
17:38:48.557 ERROR: [TadFactory] Reading exception during: "readLongAtAddressSafely(0x02004ae8, QueueDefinition.u.xQueue.pcReadFrom)"
17:38:49.559 ERROR: [TadFactory] Reading exception during: "readIntAtAddressSafely(0x02004ae8, QueueDefinition.xTasksWaitingToSend.uxNumberOfItems)"
17:38:50.561 ERROR: [TadFactory] Reading exception during: "readIntAtAddressSafely(0x02004ae8, QueueDefinition.xTasksWaitingToReceive.uxNumberOfItems)"
17:38:51.562 ERROR: [TadFactory] Reading exception during: "readAddressOfVariableSafely(xQueueRegistry[3])"
17:38:51.562 ERROR: [QueueFactory] Cannot read information from "xQueueRegistry[3]".
17:38:52.564 ERROR: [TadFactory] Reading exception during: "readAddressOfVariableSafely(xQueueRegistry[4])"
17:38:52.564 ERROR: [QueueFactory] Cannot read information from "xQueueRegistry[4]".
17:38:53.566 ERROR: [TadFactory] Reading exception during: "readAddressOfVariableSafely(xQueueRegistry[5])"
17:38:53.566 ERROR: [QueueFactory] Cannot read information from "xQueueRegistry[5]".
17:38:54.567 ERROR: [TadFactory] Reading exception during: "readAddressOfVariableSafely(xQueueRegistry[6])"
17:38:54.567 ERROR: [QueueFactory] Cannot read information from "xQueueRegistry[6]".
17:38:55.569 ERROR: [TadFactory] Reading exception during: "readAddressOfVariableSafely(xQueueRegistry[7])"
17:38:55.569 ERROR: [QueueFactory] Cannot read information from "xQueueRegistry[7]".
17:38:56.570 ERROR: [TadFactory] Reading exception during: "readAddressOfVariableSafely(xQueueRegistry[8])"
17:38:56.570 ERROR: [QueueFactory] Cannot read information from "xQueueRegistry[8]".
17:38:57.573 ERROR: [TadFactory] Reading exception during: "readAddressOfVariableSafely(xQueueRegistry[9])"
17:38:57.573 ERROR: [QueueFactory] Cannot read information from "xQueueRegistry[9]".
17:38:57.574 INFO: [TadState] TAD state changed:  DEBUG_RESUMED -> READY (SUSPENDED, BREAKPOINT)
17:39:00.399 INFO: [Benchmark] Loading data for "Task List" took 15283 ms.
17:39:00.400 INFO: [Benchmark] Loading data for "Task List" has started.
17:39:02.852 INFO: [Benchmark] Loading data for "Task List" took 2453 ms.
17:39:51.764 INFO: [TadState] TAD state changed:  READY -> DEBUG_RESUMED (RESUMED, USER_REQUEST)
17:39:51.945 INFO: [TadState] TAD state changed:  DEBUG_RESUMED -> READY (SUSPENDED, BREAKPOINT)
17:39:51.946 INFO: [Benchmark] Loading data for "Task List" has started.
17:39:57.222 INFO: [Benchmark] Loading data for "Task List" took 5277 ms.
17:39:59.626 INFO: [TadState] TAD state changed:  READY -> DEBUG_RESUMED (RESUMED, USER_REQUEST)
17:40:00.21 INFO: [TadState] TAD state changed:  DEBUG_RESUMED -> READY (SUSPENDED, BREAKPOINT)
17:40:00.22 INFO: [Benchmark] Loading data for "Task List" has started.
17:40:05.241 INFO: [Benchmark] Loading data for "Task List" took 5219 ms.
17:40:12.622 INFO: [TadModel] DSF session ID 3 has ended.
