"FreeRTOS Task Aware Debugger for GDB" version 11.2.0 (202001021529)
(c) 2016-2018 NXP Semiconductors, Inc.
==================================
20:44:57.268 INFO: [TadModel] DSF session ID 0 has started.
20:45:02.817 INFO: [TadState] TAD state changed:  DEBUG_STARTED -> DEBUG_INIT_0 (SUSPENDED, USER_REQUEST)
20:45:04.643 INFO: [TadState] TAD state changed:  DEBUG_INIT_0 -> DEBUG_INIT_1 (RESUMED, USER_REQUEST)
20:45:04.806 INFO: [TadState] TAD state changed:  DEBUG_INIT_1 -> DEBUG_SUSPENDED (SUSPENDED, BREAKPOINT)
20:45:15.821 INFO: [TadState] TAD state changed:  DEBUG_SUSPENDED -> DEBUG_RESUMED (RESUMED, USER_REQUEST)
20:45:22.151 INFO: [TadState] TAD state changed:  DEBUG_RESUMED -> READY (SUSPENDED, BREAKPOINT)
20:45:22.935 INFO: [Benchmark] Loading data for "Determine FreeRTOS version" has started.
20:45:23.808 INFO: [TadModel] Heap type (memory allocation scheme) has been identified from FreeRTOSDebugConfig structure as Heap #3. 
20:45:23.809 INFO: [TadModel] FreeRTOS version has been identified from FreeRTOSDebugConfig structure as 10.2.0.
20:45:23.809 INFO: [Benchmark] Loading data for "Determine FreeRTOS version" took 875 ms.
20:45:23.809 INFO: [Benchmark] Loading data for "Task List" has started.
20:45:29.18 INFO: [Benchmark] Loading data for "Task List" took 5209 ms.
20:45:34.118 INFO: [TadState] TAD state changed:  READY -> DEBUG_RESUMED (RESUMED, USER_REQUEST)
20:48:27.439 INFO: [TadState] TAD state changed:  DEBUG_RESUMED -> READY (SUSPENDED, SIGNAL)
20:48:27.440 INFO: [Benchmark] Loading data for "Task List" has started.
20:48:28.443 ERROR: [TadFactory] Reading exception during: "readAddressOfVariableSafely(xQueueRegistry)"
20:48:28.593 ERROR: [VariableReader] Could not read variable expression: "sizeof(pxReadyTasksLists)".
20:48:28.594 ERROR: [TaskFactory] Could not get size of "pxReadyTasksLists"!
20:48:28.594 ERROR: [TaskFactory] Cannot display tasks from ready task list!
20:48:28.635 ERROR: [VariableReader] Could not read variable expression: "&(xQueueRegistry)".
20:48:28.697 ERROR: [VariableReader] Could not read variable expression: "pxCurrentTCB".
20:48:28.703 ERROR: [TadFactory] Reading exception during: "readLongVariableSafely(pxCurrentTCB)"
20:48:28.791 ERROR: [VariableReader] Could not read variable expression: "ulTotalRunTime".
20:48:28.791 ERROR: [TaskFactory] ulTotalRunTime not available
20:48:28.805 ERROR: [VariableReader] Could not read variable expression: "pxDelayedTaskList.uxNumberOfItems".
20:48:28.806 ERROR: [TaskFactory] Cannot read information from "pxDelayedTaskList".
20:48:28.821 ERROR: [VariableReader] Could not read variable expression: "pxOverflowDelayedTaskList.uxNumberOfItems".
20:48:28.821 ERROR: [TaskFactory] Cannot read information from "pxOverflowDelayedTaskList".
20:48:28.831 ERROR: [VariableReader] Could not read variable expression: "xSuspendedTaskList.uxNumberOfItems".
20:48:28.832 ERROR: [TaskFactory] Cannot read information from "xSuspendedTaskList".
20:48:28.841 ERROR: [VariableReader] Could not read variable expression: "xPendingReadyList.uxNumberOfItems".
20:48:28.841 ERROR: [TaskFactory] Cannot read information from "xPendingReadyList".
20:48:28.842 INFO: [Benchmark] Loading data for "Task List" took 1402 ms.
20:48:28.858 INFO: [TadModel] DSF session ID 0 has ended.
